<?xml version="1.0" encoding="UTF-8"?>
<!-- Generated by org.testng.reporters.JUnitReportReporter -->
<testsuite hostname="DESKTOP-7UC3BTA" failures="0" tests="2" name="StepsDefinitions.TestRunner" time="8.917" errors="0" timestamp="2024-11-09T07:32:03 PST" skipped="0">
  <testcase classname="StepsDefinitions.TestRunner" name="runScenario" time="3.474"/>
  <testcase classname="StepsDefinitions.TestRunner" name="runScenario" time="5.443"/>
</testsuite> <!-- StepsDefinitions.TestRunner -->
